<?xml version="1.0" encoding="utf-8" standalone="no"?>
<!--This file represents the results of running a test suite-->
<test-results name="C:\GLOBAL DATA\Projects\VS Projects\Incinerate\NeuroIncinerate\NeuroIncinerate.csproj" total="0" errors="0" failures="0" not-run="0" inconclusive="0" ignored="0" skipped="0" invalid="0" date="2012-05-15" time="21:46:56">
  <environment nunit-version="2.6.0.12051" clr-version="2.0.50727.4927" os-version="Microsoft Windows NT 6.1.7600.0" platform="Win32NT" cwd="C:\GLOBAL DATA\Projects\VS Projects\Incinerate\NeuroIncinerate" machine-name="SANCHOPANSA" user="Roman Gauss" user-domain="SanchoPansa" />
  <culture-info current-culture="ru-RU" current-uiculture="ru-RU" />
  <test-suite type="Project" name="C:\GLOBAL DATA\Projects\VS Projects\Incinerate\NeuroIncinerate\NeuroIncinerate.csproj" executed="True" result="Inconclusive" success="False" time="0.002" asserts="0">
    <results>
      <test-suite type="Assembly" name="C:\GLOBAL DATA\Projects\VS Projects\Incinerate\NeuroIncinerate\bin\Debug\NeuroIncinerate.dll" executed="True" result="Inconclusive" success="False" time="0.000" asserts="0" />
    </results>
  </test-suite>
</test-results>